<?xml version="1.0" encoding="UTF-8"?>
<!-- Generated by org.testng.reporters.JUnitReportReporter -->
<testsuite skipped="1" hostname="VPC-SVELEZ" name="BluePrintOfATest" tests="1" failures="0" timestamp="21 Feb 2019 03:43:30 GMT" time="0.000" errors="0">
  <testcase name="test" time="0.000" classname="BluePrintOfATest">
    <skipped/>
  </testcase> <!-- test -->
</testsuite> <!-- BluePrintOfATest -->
