<?xml version="1.0" encoding="UTF-8"?>
<!-- Generated by org.testng.reporters.JUnitReportReporter -->
<testsuite skipped="0" hostname="VPC-SVELEZ" name="tests.TestHoroscope" tests="1" failures="0" timestamp="21 Feb 2019 04:09:53 GMT" time="3.844" errors="0">
  <testcase name="test" time="3.844" classname="tests.TestHoroscope"/>
</testsuite> <!-- tests.TestHoroscope -->
