<?xml version="1.0" encoding="UTF-8"?>
<!-- Generated by org.testng.reporters.JUnitReportReporter -->
<testsuite skipped="1" hostname="VPC-SVELEZ" name="Google_Search.GoogleSearchTest" tests="1" failures="0" timestamp="21 Feb 2019 03:44:07 GMT" time="0.000" errors="0">
  <testcase name="searchInGoogle" time="0.000" classname="Google_Search.GoogleSearchTest">
    <skipped/>
  </testcase> <!-- searchInGoogle -->
</testsuite> <!-- Google_Search.GoogleSearchTest -->
