<?xml version="1.0" encoding="UTF-8"?>
<!-- Generated by org.testng.reporters.JUnitReportReporter -->
<testsuite skipped="0" hostname="VPC-SVELEZ" name="tests.TestSignPage" tests="1" failures="0" timestamp="21 Feb 2019 03:52:33 GMT" time="0.270" errors="0">
  <testcase name="test" time="0.270" classname="tests.TestSignPage"/>
</testsuite> <!-- tests.TestSignPage -->
